<?xml version="1.0" encoding="UTF-8"?>
<testsuite name="com.acme.mytrader.strategy.TradingStrategyTest" tests="1" skipped="0" failures="0" errors="0" timestamp="2020-06-08T22:38:51" hostname="MR" time="0.0">
  <properties/>
  <testcase name="testPriceUpdate" classname="com.acme.mytrader.strategy.TradingStrategyTest" time="0.0"/>
  <system-out><![CDATA[]]></system-out>
  <system-err><![CDATA[]]></system-err>
</testsuite>
